<?xml version="1.0" encoding="UTF-8"?>
<!-- Generated by org.testng.reporters.JUnitReportReporter -->
<testsuite hostname="LAPTOP-52NKCSNC" failures="0" tests="6" name="src.com.orangehrmp.testsuite.LoginToOrangeHRMTest" time="9.136" errors="0" timestamp="2022-01-25T13:23:58 IST" skipped="4">
  <testcase classname="src.com.orangehrmp.testsuite.LoginToOrangeHRMTest" name="loginTest" time="4.289"/>
  <system-out/>
  <testcase classname="src.com.orangehrmp.testsuite.LoginToOrangeHRMTest" name="adminPageSnapshot" time="4.847"/>
  <system-out/>
  <testcase classname="src.com.orangehrmp.testsuite.LoginToOrangeHRMTest" name="getAllJobs">
    <skipped/>
  </testcase> <!-- getAllJobs -->
  <system-out/>
  <testcase classname="src.com.orangehrmp.testsuite.LoginToOrangeHRMTest" name="dashboardSnapshot">
    <skipped/>
  </testcase> <!-- dashboardSnapshot -->
  <system-out/>
  <testcase classname="src.com.orangehrmp.testsuite.LoginToOrangeHRMTest" name="organisationStructureSnapshot">
    <skipped/>
  </testcase> <!-- organisationStructureSnapshot -->
  <system-out/>
  <testcase classname="src.com.orangehrmp.testsuite.LoginToOrangeHRMTest" name="searchUserAdminPage">
    <skipped/>
  </testcase> <!-- searchUserAdminPage -->
  <system-out/>
</testsuite> <!-- src.com.orangehrmp.testsuite.LoginToOrangeHRMTest -->
